2025-06-20 08:05:00 | WARN | repo=password-keeper | action=commit
2025-05-22 09:48:00 | WARN | repo=password-keeper | action=commit
2025-03-13 07:54:00 | DEBUG | repo=password-keeper | action=test | passed=true
2025-04-25 12:17:00 | DEBUG | repo=password-keeper | action=pull
2025-01-15 08:46:00 | DEBUG | repo=password-keeper | action=test | passed=true
2025-05-01 07:03:00 | WARN | repo=password-keeper | action=commit
2025-08-01 11:31:00 | INFO | repo=password-keeper | action=test | passed=true
2025-08-13 07:52:00 | WARN | repo=password-keeper | action=commit
2025-02-22 16:00:00 | INFO | repo=password-keeper | action=commit
2025-06-15 08:49:00 | DEBUG | repo=password-keeper | action=commit
2025-04-10 09:50:00 | DEBUG | repo=password-keeper | action=test | passed=true
2025-09-14 07:46:00 | WARN | repo=password-keeper | action=commit
2025-05-26 20:18:00 | INFO | repo=password-keeper | action=commit
2025-05-20 20:19:00 | WARN | repo=password-keeper | action=commit
2025-07-12 17:59:00 | DEBUG | repo=password-keeper | action=commit
2025-09-26 18:45:00 | INFO | repo=password-keeper | action=commit
2025-05-04 20:35:00 | INFO | repo=password-keeper | action=commit
2025-08-28 19:08:00 | INFO | repo=password-keeper | action=commit
2025-01-03 19:29:00 | WARN | repo=password-keeper | action=commit
2025-11-21 21:30:00 | WARN | repo=password-keeper | action=commit
2025-01-13 18:54:00 | WARN | repo=password-keeper | action=pull
2025-10-09 20:20:00 | DEBUG | repo=password-keeper | action=commit
2025-03-09 19:33:00 | INFO | repo=password-keeper | action=commit
2025-10-18 12:26:00 | DEBUG | repo=password-keeper | action=commit
2025-05-17 14:15:00 | WARN | repo=password-keeper | action=pull
2025-04-11 07:37:00 | DEBUG | repo=password-keeper | action=edit | files=4
2025-02-21 07:52:00 | WARN | repo=password-keeper | action=commit
2025-10-25 08:39:00 | WARN | repo=password-keeper | action=commit
2025-03-01 21:40:00 | INFO | repo=password-keeper | action=commit
2025-12-25 08:59:00 | INFO | repo=password-keeper | action=commit
2025-06-14 21:17:00 | DEBUG | repo=password-keeper | action=commit
2025-11-03 17:09:00 | DEBUG | repo=password-keeper | action=commit
2025-08-24 12:17:00 | DEBUG | repo=password-keeper | action=commit
2025-12-18 21:09:00 | DEBUG | repo=password-keeper | action=commit
